srun: error: ioctl(TIOCGWINSZ): Inappropriate ioctl for device
srun: error: Not using a pseudo-terminal, disregarding --pty option
2020-11-01 16:11:56.889703: I tensorflow/stream_executor/platform/default/dso_loader.cc:44] Successfully opened dynamic library libcuda.so.1
2020-11-01 16:11:56.899250: I tensorflow/core/common_runtime/gpu/gpu_device.cc:1561] Found device 0 with properties: 
pciBusID: 0000:40:00.0 name: GeForce RTX 2080 Ti computeCapability: 7.5
coreClock: 1.545GHz coreCount: 68 deviceMemorySize: 10.76GiB deviceMemoryBandwidth: 573.69GiB/s
2020-11-01 16:11:56.899333: I tensorflow/stream_executor/platform/default/dso_loader.cc:44] Successfully opened dynamic library libcudart.so.10.1
2020-11-01 16:11:56.930815: I tensorflow/stream_executor/platform/default/dso_loader.cc:44] Successfully opened dynamic library libcublas.so.10
2020-11-01 16:11:56.945218: I tensorflow/stream_executor/platform/default/dso_loader.cc:44] Successfully opened dynamic library libcufft.so.10
2020-11-01 16:11:56.961844: I tensorflow/stream_executor/platform/default/dso_loader.cc:44] Successfully opened dynamic library libcurand.so.10
2020-11-01 16:11:56.983151: I tensorflow/stream_executor/platform/default/dso_loader.cc:44] Successfully opened dynamic library libcusolver.so.10
2020-11-01 16:11:56.993800: I tensorflow/stream_executor/platform/default/dso_loader.cc:44] Successfully opened dynamic library libcusparse.so.10
2020-11-01 16:11:57.035839: I tensorflow/stream_executor/platform/default/dso_loader.cc:44] Successfully opened dynamic library libcudnn.so.7
2020-11-01 16:11:57.039627: I tensorflow/core/common_runtime/gpu/gpu_device.cc:1703] Adding visible gpu devices: 0
2020-11-01 16:11:57.054599: I tensorflow/core/platform/cpu_feature_guard.cc:143] Your CPU supports instructions that this TensorFlow binary was not compiled to use: AVX2 AVX512F FMA
2020-11-01 16:11:57.291670: I tensorflow/core/platform/profile_utils/cpu_utils.cc:102] CPU Frequency: 2100000000 Hz
2020-11-01 16:11:57.293634: I tensorflow/compiler/xla/service/service.cc:168] XLA service 0x80bb2640 initialized for platform Host (this does not guarantee that XLA will be used). Devices:
2020-11-01 16:11:57.293650: I tensorflow/compiler/xla/service/service.cc:176]   StreamExecutor device (0): Host, Default Version
2020-11-01 16:11:57.324647: I tensorflow/compiler/xla/service/service.cc:168] XLA service 0x80c1c6f0 initialized for platform CUDA (this does not guarantee that XLA will be used). Devices:
2020-11-01 16:11:57.324666: I tensorflow/compiler/xla/service/service.cc:176]   StreamExecutor device (0): GeForce RTX 2080 Ti, Compute Capability 7.5
2020-11-01 16:11:57.328273: I tensorflow/core/common_runtime/gpu/gpu_device.cc:1561] Found device 0 with properties: 
pciBusID: 0000:40:00.0 name: GeForce RTX 2080 Ti computeCapability: 7.5
coreClock: 1.545GHz coreCount: 68 deviceMemorySize: 10.76GiB deviceMemoryBandwidth: 573.69GiB/s
2020-11-01 16:11:57.328308: I tensorflow/stream_executor/platform/default/dso_loader.cc:44] Successfully opened dynamic library libcudart.so.10.1
2020-11-01 16:11:57.328339: I tensorflow/stream_executor/platform/default/dso_loader.cc:44] Successfully opened dynamic library libcublas.so.10
2020-11-01 16:11:57.328353: I tensorflow/stream_executor/platform/default/dso_loader.cc:44] Successfully opened dynamic library libcufft.so.10
2020-11-01 16:11:57.328365: I tensorflow/stream_executor/platform/default/dso_loader.cc:44] Successfully opened dynamic library libcurand.so.10
2020-11-01 16:11:57.328378: I tensorflow/stream_executor/platform/default/dso_loader.cc:44] Successfully opened dynamic library libcusolver.so.10
2020-11-01 16:11:57.328391: I tensorflow/stream_executor/platform/default/dso_loader.cc:44] Successfully opened dynamic library libcusparse.so.10
2020-11-01 16:11:57.328405: I tensorflow/stream_executor/platform/default/dso_loader.cc:44] Successfully opened dynamic library libcudnn.so.7
2020-11-01 16:11:57.331547: I tensorflow/core/common_runtime/gpu/gpu_device.cc:1703] Adding visible gpu devices: 0
2020-11-01 16:11:57.332547: I tensorflow/stream_executor/platform/default/dso_loader.cc:44] Successfully opened dynamic library libcudart.so.10.1
2020-11-01 16:11:57.332597: I tensorflow/core/common_runtime/gpu/gpu_device.cc:1102] Device interconnect StreamExecutor with strength 1 edge matrix:
2020-11-01 16:11:57.332605: I tensorflow/core/common_runtime/gpu/gpu_device.cc:1108]      0 
2020-11-01 16:11:57.332615: I tensorflow/core/common_runtime/gpu/gpu_device.cc:1121] 0:   N 
2020-11-01 16:11:57.336405: I tensorflow/core/common_runtime/gpu/gpu_device.cc:1247] Created TensorFlow device (/job:localhost/replica:0/task:0/device:GPU:0 with 9384 MB memory) -> physical GPU (device: 0, name: GeForce RTX 2080 Ti, pci bus id: 0000:40:00.0, compute capability: 7.5)
frames:  5000, reward: 3.555556, loss: 0.010326 episode:    9
frames: 10000, reward: 3.800000, loss: 0.004939 episode:   19
frames: 15000, reward: 3.600000, loss: 0.007135 episode:   30
frames: 20000, reward: 3.100000, loss: 0.008926 episode:   41
frames: 25000, reward: 1.800000, loss: 0.005434 episode:   55
frames: 30000, reward: 2.400000, loss: 0.009196 episode:   66
frames: 35000, reward: 4.700000, loss: 0.011105 episode:   76
frames: 40000, reward: 3.000000, loss: 0.014039 episode:   88
frames: 45000, reward: 2.600000, loss: 0.020261 episode:  101
frames: 50000, reward: 2.300000, loss: 0.019066 episode:  116
frames: 55000, reward: 3.900000, loss: 0.016340 episode:  127
frames: 60000, reward: 3.700000, loss: 0.020812 episode:  140
frames: 65000, reward: 4.200000, loss: 0.016852 episode:  150
frames: 70000, reward: 3.000000, loss: 0.028178 episode:  161
frames: 75000, reward: 4.500000, loss: 0.030492 episode:  170
frames: 80000, reward: 3.500000, loss: 0.049425 episode:  179
frames: 85000, reward: 3.600000, loss: 0.049542 episode:  189
frames: 90000, reward: 3.700000, loss: 0.053409 episode:  196
frames: 95000, reward: 2.800000, loss: 0.052519 episode:  207
frames: 100000, reward: 2.800000, loss: 0.039090 episode:  219
frames: 105000, reward: 5.200000, loss: 0.044581 episode:  227
frames: 110000, reward: 2.600000, loss: 0.025559 episode:  238
frames: 115000, reward: 4.400000, loss: 0.209609 episode:  245
frames: 120000, reward: 3.700000, loss: 0.039250 episode:  256
frames: 125000, reward: 5.400000, loss: 0.026784 episode:  263
frames: 130000, reward: 5.800000, loss: 0.026272 episode:  271
frames: 135000, reward: 4.000000, loss: 0.086583 episode:  281
frames: 140000, reward: 3.900000, loss: 0.034799 episode:  290
frames: 145000, reward: 5.000000, loss: 0.053058 episode:  299
frames: 150000, reward: 3.900000, loss: 0.011326 episode:  308
frames: 155000, reward: 6.600000, loss: 0.040624 episode:  314
frames: 160000, reward: 6.400000, loss: 0.040431 episode:  322
frames: 165000, reward: 5.500000, loss: 0.035515 episode:  330
frames: 170000, reward: 7.100000, loss: 0.040013 episode:  335
frames: 175000, reward: 8.400000, loss: 0.031552 episode:  341
frames: 180000, reward: 9.100000, loss: 0.023373 episode:  347
frames: 185000, reward: 8.600000, loss: 0.015275 episode:  354
frames: 190000, reward: 5.500000, loss: 0.026344 episode:  362
frames: 195000, reward: 8.300000, loss: 0.023010 episode:  368
frames: 200000, reward: 7.300000, loss: 0.049134 episode:  375
frames: 205000, reward: 4.900000, loss: 0.018232 episode:  383
frames: 210000, reward: 7.400000, loss: 0.026788 episode:  389
frames: 215000, reward: 9.000000, loss: 0.021948 episode:  396
frames: 220000, reward: 7.900000, loss: 0.021710 episode:  403
frames: 225000, reward: 7.700000, loss: 0.011835 episode:  411
frames: 230000, reward: 6.700000, loss: 0.018826 episode:  416
frames: 235000, reward: 8.800000, loss: 0.023211 episode:  422
frames: 240000, reward: 7.800000, loss: 0.014823 episode:  430
frames: 245000, reward: 5.900000, loss: 0.011266 episode:  438
frames: 250000, reward: 9.600000, loss: 0.034074 episode:  441
frames: 255000, reward: 9.300000, loss: 0.013360 episode:  447
frames: 260000, reward: 13.000000, loss: 0.021491 episode:  450
frames: 265000, reward: 12.200000, loss: 0.094028 episode:  456
frames: 270000, reward: 7.600000, loss: 0.016978 episode:  463
frames: 275000, reward: 9.400000, loss: 0.025150 episode:  470
frames: 280000, reward: 10.000000, loss: 0.014713 episode:  475
frames: 285000, reward: 9.100000, loss: 0.010168 episode:  482
frames: 290000, reward: 8.300000, loss: 0.016965 episode:  486
frames: 295000, reward: 10.200000, loss: 0.015014 episode:  491
frames: 300000, reward: 7.900000, loss: 0.017669 episode:  497
frames: 305000, reward: 11.000000, loss: 0.033016 episode:  502
frames: 310000, reward: 14.900000, loss: 0.031083 episode:  506
frames: 315000, reward: 11.700000, loss: 0.016740 episode:  513
frames: 320000, reward: 9.400000, loss: 0.012786 episode:  518
frames: 325000, reward: 11.000000, loss: 0.026904 episode:  524
frames: 330000, reward: 13.400000, loss: 0.099646 episode:  528
frames: 335000, reward: 14.100000, loss: 0.014383 episode:  533
frames: 340000, reward: 6.000000, loss: 0.006823 episode:  541
frames: 345000, reward: 6.000000, loss: 0.009645 episode:  548
frames: 350000, reward: 7.700000, loss: 0.016839 episode:  553
frames: 355000, reward: 8.000000, loss: 0.021401 episode:  560
frames: 360000, reward: 7.700000, loss: 0.016683 episode:  567
frames: 365000, reward: 11.800000, loss: 0.011372 episode:  572
frames: 370000, reward: 11.100000, loss: 0.008689 episode:  578
frames: 375000, reward: 7.800000, loss: 0.015509 episode:  584
frames: 380000, reward: 11.300000, loss: 0.026732 episode:  588
frames: 385000, reward: 10.200000, loss: 0.022054 episode:  595
frames: 390000, reward: 10.500000, loss: 0.009523 episode:  600
frames: 395000, reward: 7.200000, loss: 0.049168 episode:  609
frames: 400000, reward: 9.100000, loss: 0.011306 episode:  614
frames: 405000, reward: 11.800000, loss: 0.010293 episode:  620
frames: 410000, reward: 8.500000, loss: 0.023265 episode:  627
frames: 415000, reward: 5.300000, loss: 0.008365 episode:  635
frames: 420000, reward: 9.500000, loss: 0.018507 episode:  639
frames: 425000, reward: 11.600000, loss: 0.022986 episode:  644
frames: 430000, reward: 10.300000, loss: 0.012345 episode:  651
frames: 435000, reward: 8.600000, loss: 0.015314 episode:  658
frames: 440000, reward: 9.800000, loss: 0.028325 episode:  664
frames: 445000, reward: 10.900000, loss: 0.019706 episode:  668
frames: 450000, reward: 12.900000, loss: 0.031677 episode:  675
frames: 455000, reward: 11.900000, loss: 0.018564 episode:  679
frames: 460000, reward: 13.300000, loss: 0.006461 episode:  683
frames: 465000, reward: 12.900000, loss: 0.014427 episode:  689
frames: 470000, reward: 9.700000, loss: 0.021198 episode:  695
frames: 475000, reward: 5.800000, loss: 0.019788 episode:  704
frames: 480000, reward: 6.300000, loss: 0.015838 episode:  713
frames: 485000, reward: 9.000000, loss: 0.018409 episode:  719
frames: 490000, reward: 12.500000, loss: 0.013481 episode:  722
frames: 495000, reward: 9.300000, loss: 0.027612 episode:  731
frames: 500000, reward: 12.300000, loss: 0.041105 episode:  735
frames: 505000, reward: 13.500000, loss: 0.015531 episode:  740
frames: 510000, reward: 11.800000, loss: 0.021766 episode:  746
frames: 515000, reward: 6.900000, loss: 0.036097 episode:  756
frames: 520000, reward: 8.700000, loss: 0.013299 episode:  761
frames: 525000, reward: 5.600000, loss: 0.014491 episode:  770
frames: 530000, reward: 8.000000, loss: 0.027825 episode:  777
frames: 535000, reward: 9.600000, loss: 0.043359 episode:  783
frames: 540000, reward: 7.800000, loss: 0.010107 episode:  791
frames: 545000, reward: 7.000000, loss: 0.015495 episode:  797
frames: 550000, reward: 8.400000, loss: 0.192814 episode:  806
frames: 555000, reward: 10.300000, loss: 0.011388 episode:  812
frames: 560000, reward: 10.700000, loss: 0.013447 episode:  818
frames: 565000, reward: 9.700000, loss: 0.015916 episode:  824
frames: 570000, reward: 8.300000, loss: 0.007163 episode:  830
frames: 575000, reward: 8.900000, loss: 0.008472 episode:  838
frames: 580000, reward: 9.500000, loss: 0.013048 episode:  844
frames: 585000, reward: 11.600000, loss: 0.011208 episode:  849
frames: 590000, reward: 12.100000, loss: 0.011908 episode:  855
frames: 595000, reward: 7.000000, loss: 0.007391 episode:  864
frames: 600000, reward: 6.900000, loss: 0.039646 episode:  869
frames: 605000, reward: 12.100000, loss: 0.008914 episode:  873
frames: 610000, reward: 12.700000, loss: 0.007012 episode:  878
frames: 615000, reward: 11.100000, loss: 0.019444 episode:  883
frames: 620000, reward: 13.900000, loss: 0.010114 episode:  887
frames: 625000, reward: 11.000000, loss: 0.012869 episode:  894
frames: 630000, reward: 10.300000, loss: 0.010484 episode:  900
frames: 635000, reward: 10.500000, loss: 0.009666 episode:  907
frames: 640000, reward: 8.100000, loss: 0.021925 episode:  913
frames: 645000, reward: 8.100000, loss: 0.010231 episode:  920
frames: 650000, reward: 6.700000, loss: 0.016797 episode:  925
frames: 655000, reward: 9.600000, loss: 0.011668 episode:  929
frames: 660000, reward: 8.200000, loss: 0.012660 episode:  936
frames: 665000, reward: 7.100000, loss: 0.014034 episode:  944
frames: 670000, reward: 7.900000, loss: 0.004309 episode:  950
frames: 675000, reward: 9.100000, loss: 0.005124 episode:  957
frames: 680000, reward: 8.800000, loss: 0.013389 episode:  962
frames: 685000, reward: 9.500000, loss: 0.012922 episode:  968
frames: 690000, reward: 5.400000, loss: 0.004873 episode:  977
frames: 695000, reward: 6.000000, loss: 0.031444 episode:  986
frames: 700000, reward: 7.900000, loss: 0.015968 episode:  993
frames: 705000, reward: 10.100000, loss: 0.005605 episode:  998
frames: 710000, reward: 4.800000, loss: 0.015625 episode: 1007
frames: 715000, reward: 5.700000, loss: 0.013950 episode: 1015
frames: 720000, reward: 7.500000, loss: 0.020965 episode: 1023
frames: 725000, reward: 7.800000, loss: 0.017662 episode: 1030
frames: 730000, reward: 10.000000, loss: 0.008676 episode: 1037
frames: 735000, reward: 8.700000, loss: 0.012025 episode: 1044
frames: 740000, reward: 8.200000, loss: 0.014112 episode: 1052
frames: 745000, reward: 8.300000, loss: 0.011527 episode: 1059
frames: 750000, reward: 9.800000, loss: 0.016728 episode: 1065
frames: 755000, reward: 8.700000, loss: 0.008804 episode: 1073
frames: 760000, reward: 7.700000, loss: 0.014181 episode: 1081
frames: 765000, reward: 8.400000, loss: 0.010006 episode: 1088
frames: 770000, reward: 8.800000, loss: 0.011588 episode: 1094
frames: 775000, reward: 10.300000, loss: 0.012251 episode: 1099
frames: 780000, reward: 10.300000, loss: 0.034603 episode: 1104
frames: 785000, reward: 11.300000, loss: 0.011009 episode: 1111
frames: 790000, reward: 11.500000, loss: 0.009628 episode: 1117
frames: 795000, reward: 10.300000, loss: 0.014921 episode: 1123
frames: 800000, reward: 6.300000, loss: 0.019750 episode: 1131
frames: 805000, reward: 6.800000, loss: 0.010365 episode: 1139
frames: 810000, reward: 6.500000, loss: 0.009831 episode: 1147
frames: 815000, reward: 7.200000, loss: 0.005819 episode: 1152
frames: 820000, reward: 9.400000, loss: 0.010092 episode: 1158
frames: 825000, reward: 9.000000, loss: 0.017802 episode: 1166
frames: 830000, reward: 8.600000, loss: 0.007988 episode: 1171
frames: 835000, reward: 5.200000, loss: 0.011904 episode: 1180
frames: 840000, reward: 7.500000, loss: 0.016616 episode: 1188
frames: 845000, reward: 8.200000, loss: 0.036893 episode: 1195
frames: 850000, reward: 8.600000, loss: 0.013492 episode: 1200
frames: 855000, reward: 8.500000, loss: 0.022033 episode: 1210
frames: 860000, reward: 10.700000, loss: 0.011556 episode: 1215
frames: 865000, reward: 12.500000, loss: 0.008934 episode: 1221
frames: 870000, reward: 9.500000, loss: 0.020294 episode: 1227
frames: 875000, reward: 9.200000, loss: 0.012396 episode: 1233
frames: 880000, reward: 8.100000, loss: 0.008963 episode: 1239
frames: 885000, reward: 10.700000, loss: 0.011006 episode: 1244
frames: 890000, reward: 13.100000, loss: 0.017246 episode: 1249
frames: 895000, reward: 10.200000, loss: 0.006860 episode: 1254
frames: 900000, reward: 13.200000, loss: 0.005976 episode: 1258
frames: 905000, reward: 14.100000, loss: 0.013545 episode: 1263
frames: 910000, reward: 10.400000, loss: 0.011320 episode: 1269
frames: 915000, reward: 6.900000, loss: 0.022470 episode: 1275
frames: 920000, reward: 7.800000, loss: 0.023861 episode: 1283
frames: 925000, reward: 5.800000, loss: 0.018114 episode: 1290
frames: 930000, reward: 9.200000, loss: 0.008634 episode: 1295
frames: 935000, reward: 10.900000, loss: 0.008978 episode: 1301
frames: 940000, reward: 6.900000, loss: 0.009944 episode: 1309
frames: 945000, reward: 7.900000, loss: 0.010933 episode: 1317
frames: 950000, reward: 7.200000, loss: 0.010777 episode: 1323
frames: 955000, reward: 4.200000, loss: 0.015801 episode: 1333
frames: 960000, reward: 6.800000, loss: 0.008411 episode: 1338
frames: 965000, reward: 6.200000, loss: 0.019169 episode: 1347
frames: 970000, reward: 7.400000, loss: 0.013898 episode: 1355
frames: 975000, reward: 8.600000, loss: 0.010596 episode: 1360
frames: 980000, reward: 6.600000, loss: 0.009735 episode: 1368
frames: 985000, reward: 5.600000, loss: 0.008948 episode: 1376
frames: 990000, reward: 8.000000, loss: 0.017350 episode: 1380
frames: 995000, reward: 7.300000, loss: 0.011224 episode: 1389
frames: 1000000, reward: 8.100000, loss: 0.010342 episode: 1396
Ran 1397 episodes best 100-episodes average reward is 7.360000. Solved after 1297 trials ✔
srun: error: ioctl(TIOCGWINSZ): Inappropriate ioctl for device
srun: error: Not using a pseudo-terminal, disregarding --pty option
2020-11-01 18:25:37.323598: I tensorflow/stream_executor/platform/default/dso_loader.cc:44] Successfully opened dynamic library libcuda.so.1
2020-11-01 18:25:37.331068: I tensorflow/core/common_runtime/gpu/gpu_device.cc:1561] Found device 0 with properties: 
pciBusID: 0000:40:00.0 name: GeForce RTX 2080 Ti computeCapability: 7.5
coreClock: 1.545GHz coreCount: 68 deviceMemorySize: 10.76GiB deviceMemoryBandwidth: 573.69GiB/s
2020-11-01 18:25:37.331153: I tensorflow/stream_executor/platform/default/dso_loader.cc:44] Successfully opened dynamic library libcudart.so.10.1
2020-11-01 18:25:37.357744: I tensorflow/stream_executor/platform/default/dso_loader.cc:44] Successfully opened dynamic library libcublas.so.10
2020-11-01 18:25:37.371936: I tensorflow/stream_executor/platform/default/dso_loader.cc:44] Successfully opened dynamic library libcufft.so.10
2020-11-01 18:25:37.388487: I tensorflow/stream_executor/platform/default/dso_loader.cc:44] Successfully opened dynamic library libcurand.so.10
2020-11-01 18:25:37.409711: I tensorflow/stream_executor/platform/default/dso_loader.cc:44] Successfully opened dynamic library libcusolver.so.10
2020-11-01 18:25:37.420721: I tensorflow/stream_executor/platform/default/dso_loader.cc:44] Successfully opened dynamic library libcusparse.so.10
2020-11-01 18:25:37.463573: I tensorflow/stream_executor/platform/default/dso_loader.cc:44] Successfully opened dynamic library libcudnn.so.7
2020-11-01 18:25:37.467360: I tensorflow/core/common_runtime/gpu/gpu_device.cc:1703] Adding visible gpu devices: 0
2020-11-01 18:25:37.478752: I tensorflow/core/platform/cpu_feature_guard.cc:143] Your CPU supports instructions that this TensorFlow binary was not compiled to use: AVX2 AVX512F FMA
2020-11-01 18:25:37.671328: I tensorflow/core/platform/profile_utils/cpu_utils.cc:102] CPU Frequency: 2100000000 Hz
2020-11-01 18:25:37.673147: I tensorflow/compiler/xla/service/service.cc:168] XLA service 0x80099b10 initialized for platform Host (this does not guarantee that XLA will be used). Devices:
2020-11-01 18:25:37.673164: I tensorflow/compiler/xla/service/service.cc:176]   StreamExecutor device (0): Host, Default Version
2020-11-01 18:25:37.693789: I tensorflow/compiler/xla/service/service.cc:168] XLA service 0x80103bf0 initialized for platform CUDA (this does not guarantee that XLA will be used). Devices:
2020-11-01 18:25:37.693808: I tensorflow/compiler/xla/service/service.cc:176]   StreamExecutor device (0): GeForce RTX 2080 Ti, Compute Capability 7.5
2020-11-01 18:25:37.696680: I tensorflow/core/common_runtime/gpu/gpu_device.cc:1561] Found device 0 with properties: 
pciBusID: 0000:40:00.0 name: GeForce RTX 2080 Ti computeCapability: 7.5
coreClock: 1.545GHz coreCount: 68 deviceMemorySize: 10.76GiB deviceMemoryBandwidth: 573.69GiB/s
2020-11-01 18:25:37.696717: I tensorflow/stream_executor/platform/default/dso_loader.cc:44] Successfully opened dynamic library libcudart.so.10.1
2020-11-01 18:25:37.696767: I tensorflow/stream_executor/platform/default/dso_loader.cc:44] Successfully opened dynamic library libcublas.so.10
2020-11-01 18:25:37.696781: I tensorflow/stream_executor/platform/default/dso_loader.cc:44] Successfully opened dynamic library libcufft.so.10
2020-11-01 18:25:37.696794: I tensorflow/stream_executor/platform/default/dso_loader.cc:44] Successfully opened dynamic library libcurand.so.10
2020-11-01 18:25:37.696807: I tensorflow/stream_executor/platform/default/dso_loader.cc:44] Successfully opened dynamic library libcusolver.so.10
2020-11-01 18:25:37.696819: I tensorflow/stream_executor/platform/default/dso_loader.cc:44] Successfully opened dynamic library libcusparse.so.10
2020-11-01 18:25:37.696833: I tensorflow/stream_executor/platform/default/dso_loader.cc:44] Successfully opened dynamic library libcudnn.so.7
2020-11-01 18:25:37.700115: I tensorflow/core/common_runtime/gpu/gpu_device.cc:1703] Adding visible gpu devices: 0
2020-11-01 18:25:37.700838: I tensorflow/stream_executor/platform/default/dso_loader.cc:44] Successfully opened dynamic library libcudart.so.10.1
2020-11-01 18:25:37.700889: I tensorflow/core/common_runtime/gpu/gpu_device.cc:1102] Device interconnect StreamExecutor with strength 1 edge matrix:
2020-11-01 18:25:37.700897: I tensorflow/core/common_runtime/gpu/gpu_device.cc:1108]      0 
2020-11-01 18:25:37.700906: I tensorflow/core/common_runtime/gpu/gpu_device.cc:1121] 0:   N 
2020-11-01 18:25:37.704472: I tensorflow/core/common_runtime/gpu/gpu_device.cc:1247] Created TensorFlow device (/job:localhost/replica:0/task:0/device:GPU:0 with 9384 MB memory) -> physical GPU (device: 0, name: GeForce RTX 2080 Ti, pci bus id: 0000:40:00.0, compute capability: 7.5)
frames:  5000, reward: 0.100000, loss: 0.027635 episode:  138
frames: 10000, reward: 0.300000, loss: 0.006691 episode:  300
frames: 15000, reward: 0.500000, loss: 0.009842 episode:  459
frames: 20000, reward: 0.200000, loss: 0.010450 episode:  609
frames: 25000, reward: 0.300000, loss: 0.031353 episode:  768
frames: 30000, reward: 0.300000, loss: 0.012421 episode:  896
frames: 35000, reward: 0.600000, loss: 0.016739 episode: 1005
frames: 40000, reward: 1.000000, loss: 0.015779 episode: 1100
frames: 45000, reward: 1.100000, loss: 0.021759 episode: 1171
frames: 50000, reward: 1.600000, loss: 0.033362 episode: 1239
frames: 55000, reward: 1.300000, loss: 0.143900 episode: 1314
frames: 60000, reward: 1.400000, loss: 0.025898 episode: 1387
frames: 65000, reward: 1.000000, loss: 0.039140 episode: 1456
frames: 70000, reward: 1.400000, loss: 0.029435 episode: 1530
frames: 75000, reward: 1.400000, loss: 0.027376 episode: 1601
frames: 80000, reward: 1.300000, loss: 0.024595 episode: 1680
frames: 85000, reward: 1.000000, loss: 0.039718 episode: 1755
frames: 90000, reward: 1.500000, loss: 0.044653 episode: 1816
frames: 95000, reward: 1.600000, loss: 0.042928 episode: 1881
frames: 100000, reward: 1.300000, loss: 0.060732 episode: 1954
frames: 105000, reward: 1.400000, loss: 0.016274 episode: 2017
frames: 110000, reward: 1.200000, loss: 0.041019 episode: 2078
frames: 115000, reward: 1.300000, loss: 0.014626 episode: 2150
frames: 120000, reward: 1.700000, loss: 0.034494 episode: 2211
frames: 125000, reward: 1.800000, loss: 0.036091 episode: 2271
frames: 130000, reward: 1.700000, loss: 0.029964 episode: 2330
frames: 135000, reward: 1.600000, loss: 0.031506 episode: 2393
frames: 140000, reward: 1.500000, loss: 0.025262 episode: 2454
frames: 145000, reward: 1.900000, loss: 0.023656 episode: 2515
frames: 150000, reward: 1.600000, loss: 0.013665 episode: 2575
frames: 155000, reward: 1.900000, loss: 0.020565 episode: 2633
frames: 160000, reward: 2.400000, loss: 0.026337 episode: 2687
frames: 165000, reward: 1.700000, loss: 0.042909 episode: 2750
frames: 170000, reward: 1.500000, loss: 0.079914 episode: 2804
frames: 175000, reward: 1.500000, loss: 0.014950 episode: 2863
frames: 180000, reward: 1.100000, loss: 0.042325 episode: 2926
frames: 185000, reward: 2.000000, loss: 0.003755 episode: 2983
frames: 190000, reward: 1.300000, loss: 0.020194 episode: 3040
frames: 195000, reward: 1.500000, loss: 0.012059 episode: 3100
frames: 200000, reward: 1.500000, loss: 0.037737 episode: 3161
frames: 205000, reward: 1.300000, loss: 0.016257 episode: 3222
frames: 210000, reward: 1.900000, loss: 0.015699 episode: 3281
frames: 215000, reward: 1.900000, loss: 0.013378 episode: 3335
frames: 220000, reward: 1.800000, loss: 0.018208 episode: 3391
frames: 225000, reward: 1.400000, loss: 0.030960 episode: 3445
frames: 230000, reward: 2.000000, loss: 0.010099 episode: 3499
frames: 235000, reward: 1.600000, loss: 0.025021 episode: 3555
frames: 240000, reward: 1.600000, loss: 0.009117 episode: 3611
frames: 245000, reward: 1.800000, loss: 0.025693 episode: 3672
frames: 250000, reward: 2.100000, loss: 0.012352 episode: 3731
frames: 255000, reward: 1.900000, loss: 0.010223 episode: 3790
frames: 260000, reward: 1.500000, loss: 0.014032 episode: 3848
frames: 265000, reward: 0.900000, loss: 0.011498 episode: 3910
frames: 270000, reward: 1.400000, loss: 0.011158 episode: 3976
frames: 275000, reward: 1.900000, loss: 0.011661 episode: 4033
frames: 280000, reward: 1.900000, loss: 0.018778 episode: 4089
frames: 285000, reward: 1.400000, loss: 0.011129 episode: 4146
frames: 290000, reward: 1.800000, loss: 0.008492 episode: 4200
frames: 295000, reward: 1.900000, loss: 0.009378 episode: 4265
frames: 300000, reward: 2.200000, loss: 0.022839 episode: 4315
frames: 305000, reward: 1.500000, loss: 0.017190 episode: 4374
frames: 310000, reward: 1.700000, loss: 0.011427 episode: 4435
frames: 315000, reward: 2.700000, loss: 0.006475 episode: 4486
frames: 320000, reward: 1.500000, loss: 0.010047 episode: 4547
frames: 325000, reward: 2.200000, loss: 0.018608 episode: 4602
frames: 330000, reward: 2.900000, loss: 0.014887 episode: 4652
frames: 335000, reward: 2.300000, loss: 0.009514 episode: 4706
frames: 340000, reward: 1.600000, loss: 0.016444 episode: 4767
frames: 345000, reward: 2.000000, loss: 0.010328 episode: 4821
frames: 350000, reward: 2.100000, loss: 0.011107 episode: 4875
frames: 355000, reward: 1.700000, loss: 0.015239 episode: 4930
frames: 360000, reward: 1.700000, loss: 0.006386 episode: 4984
frames: 365000, reward: 1.600000, loss: 0.009928 episode: 5043
frames: 370000, reward: 2.100000, loss: 0.010489 episode: 5098
frames: 375000, reward: 2.000000, loss: 0.038119 episode: 5150
frames: 380000, reward: 1.400000, loss: 0.007695 episode: 5211
frames: 385000, reward: 1.800000, loss: 0.016517 episode: 5263
frames: 390000, reward: 1.700000, loss: 0.011957 episode: 5322
frames: 395000, reward: 1.300000, loss: 0.007394 episode: 5380
frames: 400000, reward: 2.100000, loss: 0.011319 episode: 5436
frames: 405000, reward: 1.500000, loss: 0.009648 episode: 5490
frames: 410000, reward: 2.200000, loss: 0.008902 episode: 5544
frames: 415000, reward: 2.700000, loss: 0.010271 episode: 5596
frames: 420000, reward: 2.300000, loss: 0.012354 episode: 5651
frames: 425000, reward: 2.000000, loss: 0.009419 episode: 5706
frames: 430000, reward: 1.100000, loss: 0.007305 episode: 5768
frames: 435000, reward: 1.800000, loss: 0.008532 episode: 5824
frames: 440000, reward: 2.400000, loss: 0.009027 episode: 5880
frames: 445000, reward: 1.900000, loss: 0.010894 episode: 5939
frames: 450000, reward: 1.400000, loss: 0.010513 episode: 5990
frames: 455000, reward: 1.500000, loss: 0.005957 episode: 6051
frames: 460000, reward: 1.400000, loss: 0.007849 episode: 6111
frames: 465000, reward: 1.400000, loss: 0.014760 episode: 6171
frames: 470000, reward: 1.900000, loss: 0.007643 episode: 6225
frames: 475000, reward: 1.600000, loss: 0.013345 episode: 6280
frames: 480000, reward: 1.700000, loss: 0.008405 episode: 6339
frames: 485000, reward: 2.700000, loss: 0.006770 episode: 6387
frames: 490000, reward: 1.800000, loss: 0.011092 episode: 6443
frames: 495000, reward: 1.800000, loss: 0.012230 episode: 6498
frames: 500000, reward: 2.200000, loss: 0.006765 episode: 6544
frames: 505000, reward: 2.400000, loss: 0.011473 episode: 6593
frames: 510000, reward: 2.100000, loss: 0.007653 episode: 6648
frames: 515000, reward: 2.600000, loss: 0.008286 episode: 6700
frames: 520000, reward: 2.400000, loss: 0.005703 episode: 6746
frames: 525000, reward: 1.700000, loss: 0.014035 episode: 6800
frames: 530000, reward: 1.700000, loss: 0.012989 episode: 6859
frames: 535000, reward: 2.000000, loss: 0.008016 episode: 6910
frames: 540000, reward: 1.900000, loss: 0.009149 episode: 6965
frames: 545000, reward: 1.400000, loss: 0.013194 episode: 7021
frames: 550000, reward: 1.700000, loss: 0.007722 episode: 7078
frames: 555000, reward: 1.900000, loss: 0.015572 episode: 7134
frames: 560000, reward: 1.100000, loss: 0.007994 episode: 7183
frames: 565000, reward: 2.300000, loss: 0.007648 episode: 7230
frames: 570000, reward: 1.800000, loss: 0.015117 episode: 7280
frames: 575000, reward: 2.500000, loss: 0.019681 episode: 7330
frames: 580000, reward: 2.200000, loss: 0.010493 episode: 7385
frames: 585000, reward: 2.200000, loss: 0.012167 episode: 7434
frames: 590000, reward: 1.800000, loss: 0.012608 episode: 7483
frames: 595000, reward: 1.400000, loss: 0.014258 episode: 7538
frames: 600000, reward: 2.300000, loss: 0.008790 episode: 7593
frames: 605000, reward: 1.800000, loss: 0.017796 episode: 7647
frames: 610000, reward: 2.100000, loss: 0.023450 episode: 7696
frames: 615000, reward: 2.400000, loss: 0.009285 episode: 7750
frames: 620000, reward: 2.700000, loss: 0.009430 episode: 7802
frames: 625000, reward: 2.200000, loss: 0.004097 episode: 7855
frames: 630000, reward: 2.300000, loss: 0.010382 episode: 7906
frames: 635000, reward: 1.700000, loss: 0.008684 episode: 7954
frames: 640000, reward: 2.500000, loss: 0.009498 episode: 8000
frames: 645000, reward: 1.900000, loss: 0.017061 episode: 8045
frames: 650000, reward: 2.000000, loss: 0.005994 episode: 8101
frames: 655000, reward: 1.800000, loss: 0.008306 episode: 8154
frames: 660000, reward: 2.100000, loss: 0.009018 episode: 8205
frames: 665000, reward: 1.600000, loss: 0.006615 episode: 8260
frames: 670000, reward: 1.600000, loss: 0.009475 episode: 8310
frames: 675000, reward: 2.100000, loss: 0.004816 episode: 8356
frames: 680000, reward: 2.500000, loss: 0.008723 episode: 8408
frames: 685000, reward: 3.400000, loss: 0.020838 episode: 8455
frames: 690000, reward: 1.700000, loss: 0.025933 episode: 8505
frames: 695000, reward: 2.100000, loss: 0.012869 episode: 8548
frames: 700000, reward: 2.000000, loss: 0.013316 episode: 8600
frames: 705000, reward: 1.500000, loss: 0.009863 episode: 8653
frames: 710000, reward: 2.400000, loss: 0.014690 episode: 8709
frames: 715000, reward: 2.100000, loss: 0.007189 episode: 8756
frames: 720000, reward: 2.100000, loss: 0.010225 episode: 8802
frames: 725000, reward: 1.700000, loss: 0.021318 episode: 8854
frames: 730000, reward: 1.000000, loss: 0.003904 episode: 8905
frames: 735000, reward: 1.000000, loss: 0.012151 episode: 8961
frames: 740000, reward: 2.300000, loss: 0.009211 episode: 9017
frames: 745000, reward: 2.100000, loss: 0.033689 episode: 9060
frames: 750000, reward: 2.100000, loss: 0.011765 episode: 9106
frames: 755000, reward: 2.300000, loss: 0.013794 episode: 9158
frames: 760000, reward: 1.900000, loss: 0.026574 episode: 9205
frames: 765000, reward: 2.700000, loss: 0.009693 episode: 9246
frames: 770000, reward: 2.700000, loss: 0.006835 episode: 9285
frames: 775000, reward: 2.600000, loss: 0.007597 episode: 9334
frames: 780000, reward: 2.300000, loss: 0.012400 episode: 9384
frames: 785000, reward: 3.500000, loss: 0.010130 episode: 9427
frames: 790000, reward: 2.700000, loss: 0.008274 episode: 9477
frames: 795000, reward: 2.800000, loss: 0.013577 episode: 9520
frames: 800000, reward: 2.600000, loss: 0.014851 episode: 9563
frames: 805000, reward: 2.100000, loss: 0.009092 episode: 9612
frames: 810000, reward: 2.100000, loss: 0.021688 episode: 9663
frames: 815000, reward: 3.200000, loss: 0.014430 episode: 9716
frames: 820000, reward: 2.500000, loss: 0.007910 episode: 9758
frames: 825000, reward: 2.500000, loss: 0.014505 episode: 9800
frames: 830000, reward: 2.900000, loss: 0.003510 episode: 9844
frames: 835000, reward: 2.000000, loss: 0.021033 episode: 9893
frames: 840000, reward: 2.100000, loss: 0.009496 episode: 9941
frames: 845000, reward: 2.300000, loss: 0.006679 episode: 9987
frames: 850000, reward: 2.200000, loss: 0.011158 episode: 10032
frames: 855000, reward: 2.300000, loss: 0.010165 episode: 10076
frames: 860000, reward: 2.500000, loss: 0.010276 episode: 10122
frames: 865000, reward: 2.600000, loss: 0.008121 episode: 10174
frames: 870000, reward: 1.600000, loss: 0.013170 episode: 10222
frames: 875000, reward: 2.200000, loss: 0.008123 episode: 10266
frames: 880000, reward: 2.500000, loss: 0.014597 episode: 10307
frames: 885000, reward: 3.500000, loss: 0.007558 episode: 10348
frames: 890000, reward: 3.500000, loss: 0.008223 episode: 10389
frames: 895000, reward: 1.400000, loss: 0.009025 episode: 10435
frames: 900000, reward: 2.500000, loss: 0.008963 episode: 10485
frames: 905000, reward: 1.400000, loss: 0.007240 episode: 10530
frames: 910000, reward: 2.700000, loss: 0.011281 episode: 10575
frames: 915000, reward: 3.900000, loss: 0.007508 episode: 10613
frames: 920000, reward: 2.600000, loss: 0.017978 episode: 10659
frames: 925000, reward: 2.100000, loss: 0.019632 episode: 10704
frames: 930000, reward: 3.200000, loss: 0.007619 episode: 10747
frames: 935000, reward: 3.000000, loss: 0.020444 episode: 10787
frames: 940000, reward: 2.500000, loss: 0.010691 episode: 10830
frames: 945000, reward: 2.700000, loss: 0.006795 episode: 10870
frames: 950000, reward: 2.800000, loss: 0.020897 episode: 10913
frames: 955000, reward: 3.200000, loss: 0.006638 episode: 10955
frames: 960000, reward: 2.400000, loss: 0.007865 episode: 10995
frames: 965000, reward: 3.500000, loss: 0.012052 episode: 11038
frames: 970000, reward: 1.700000, loss: 0.004881 episode: 11082
frames: 975000, reward: 3.500000, loss: 0.010824 episode: 11125
frames: 980000, reward: 1.600000, loss: 0.012372 episode: 11170
frames: 985000, reward: 2.500000, loss: 0.040140 episode: 11215
frames: 990000, reward: 1.800000, loss: 0.006202 episode: 11255
frames: 995000, reward: 2.400000, loss: 0.016208 episode: 11301
frames: 1000000, reward: 1.900000, loss: 0.022831 episode: 11355
Ran 11356 episodes best 100-episodes average reward is 2.170000. Solved after 11256 trials ✔
